<?xml version="1.0" encoding="UTF-8"?>
<testsuite xmlns:xsi="http://www.w3.org/2001/XMLSchema-instance" xsi:noNamespaceSchemaLocation="https://maven.apache.org/surefire/maven-surefire-plugin/xsd/surefire-test-report-3.0.xsd" version="3.0" name="com.fever.event.test.fever_demo_miguelcabezas.infraestructure.adapters.in.EventControllerTest" time="0.148" tests="3" errors="0" skipped="0" failures="0">
  <properties>
    <property name="java.specification.version" value="17"/>
    <property name="sun.cpu.isalist" value="amd64"/>
    <property name="sun.jnu.encoding" value="Cp1252"/>
    <property name="java.class.path" value="C:\Users\MiguelCabezasPuerto\Downloads\fever-demo-miguelcabezas\fever-demo-miguelcabezas\target\test-classes;C:\Users\MiguelCabezasPuerto\Downloads\fever-demo-miguelcabezas\fever-demo-miguelcabezas\target\classes;C:\Users\MiguelCabezasPuerto\.m2\repository\org\springframework\boot\spring-boot-starter-data-r2dbc\3.2.10\spring-boot-starter-data-r2dbc-3.2.10.jar;C:\Users\MiguelCabezasPuerto\.m2\repository\org\springframework\data\spring-data-r2dbc\3.2.10\spring-data-r2dbc-3.2.10.jar;C:\Users\MiguelCabezasPuerto\.m2\repository\org\springframework\data\spring-data-relational\3.2.10\spring-data-relational-3.2.10.jar;C:\Users\MiguelCabezasPuerto\.m2\repository\org\springframework\data\spring-data-commons\3.2.10\spring-data-commons-3.2.10.jar;C:\Users\MiguelCabezasPuerto\.m2\repository\org\springframework\spring-tx\6.1.13\spring-tx-6.1.13.jar;C:\Users\MiguelCabezasPuerto\.m2\repository\org\springframework\spring-context\6.1.13\spring-context-6.1.13.jar;C:\Users\MiguelCabezasPuerto\.m2\repository\org\springframework\spring-beans\6.1.13\spring-beans-6.1.13.jar;C:\Users\MiguelCabezasPuerto\.m2\repository\org\springframework\spring-jdbc\6.1.13\spring-jdbc-6.1.13.jar;C:\Users\MiguelCabezasPuerto\.m2\repository\org\springframework\spring-r2dbc\6.1.13\spring-r2dbc-6.1.13.jar;C:\Users\MiguelCabezasPuerto\.m2\repository\io\r2dbc\r2dbc-spi\1.0.0.RELEASE\r2dbc-spi-1.0.0.RELEASE.jar;C:\Users\MiguelCabezasPuerto\.m2\repository\org\reactivestreams\reactive-streams\1.0.4\reactive-streams-1.0.4.jar;C:\Users\MiguelCabezasPuerto\.m2\repository\io\r2dbc\r2dbc-pool\1.0.1.RELEASE\r2dbc-pool-1.0.1.RELEASE.jar;C:\Users\MiguelCabezasPuerto\.m2\repository\io\projectreactor\addons\reactor-pool\1.0.8\reactor-pool-1.0.8.jar;C:\Users\MiguelCabezasPuerto\.m2\repository\org\springframework\boot\spring-boot-starter-web\3.2.10\spring-boot-starter-web-3.2.10.jar;C:\Users\MiguelCabezasPuerto\.m2\repository\org\springframework\boot\spring-boot-starter-json\3.2.10\spring-boot-starter-json-3.2.10.jar;C:\Users\MiguelCabezasPuerto\.m2\repository\com\fasterxml\jackson\datatype\jackson-datatype-jdk8\2.15.4\jackson-datatype-jdk8-2.15.4.jar;C:\Users\MiguelCabezasPuerto\.m2\repository\com\fasterxml\jackson\datatype\jackson-datatype-jsr310\2.15.4\jackson-datatype-jsr310-2.15.4.jar;C:\Users\MiguelCabezasPuerto\.m2\repository\com\fasterxml\jackson\module\jackson-module-parameter-names\2.15.4\jackson-module-parameter-names-2.15.4.jar;C:\Users\MiguelCabezasPuerto\.m2\repository\org\springframework\boot\spring-boot-starter-tomcat\3.2.10\spring-boot-starter-tomcat-3.2.10.jar;C:\Users\MiguelCabezasPuerto\.m2\repository\org\apache\tomcat\embed\tomcat-embed-core\10.1.30\tomcat-embed-core-10.1.30.jar;C:\Users\MiguelCabezasPuerto\.m2\repository\org\apache\tomcat\embed\tomcat-embed-el\10.1.30\tomcat-embed-el-10.1.30.jar;C:\Users\MiguelCabezasPuerto\.m2\repository\org\apache\tomcat\embed\tomcat-embed-websocket\10.1.30\tomcat-embed-websocket-10.1.30.jar;C:\Users\MiguelCabezasPuerto\.m2\repository\org\springframework\spring-web\6.1.13\spring-web-6.1.13.jar;C:\Users\MiguelCabezasPuerto\.m2\repository\org\springframework\spring-webmvc\6.1.13\spring-webmvc-6.1.13.jar;C:\Users\MiguelCabezasPuerto\.m2\repository\org\springframework\spring-expression\6.1.13\spring-expression-6.1.13.jar;C:\Users\MiguelCabezasPuerto\.m2\repository\com\h2database\h2\2.2.224\h2-2.2.224.jar;C:\Users\MiguelCabezasPuerto\.m2\repository\org\projectlombok\lombok\1.18.34\lombok-1.18.34.jar;C:\Users\MiguelCabezasPuerto\.m2\repository\org\springframework\boot\spring-boot-starter-test\3.2.10\spring-boot-starter-test-3.2.10.jar;C:\Users\MiguelCabezasPuerto\.m2\repository\org\springframework\boot\spring-boot-test\3.2.10\spring-boot-test-3.2.10.jar;C:\Users\MiguelCabezasPuerto\.m2\repository\org\springframework\boot\spring-boot-test-autoconfigure\3.2.10\spring-boot-test-autoconfigure-3.2.10.jar;C:\Users\MiguelCabezasPuerto\.m2\repository\com\jayway\jsonpath\json-path\2.9.0\json-path-2.9.0.jar;C:\Users\MiguelCabezasPuerto\.m2\repository\jakarta\xml\bind\jakarta.xml.bind-api\4.0.2\jakarta.xml.bind-api-4.0.2.jar;C:\Users\MiguelCabezasPuerto\.m2\repository\jakarta\activation\jakarta.activation-api\2.1.3\jakarta.activation-api-2.1.3.jar;C:\Users\MiguelCabezasPuerto\.m2\repository\net\minidev\json-smart\2.5.1\json-smart-2.5.1.jar;C:\Users\MiguelCabezasPuerto\.m2\repository\net\minidev\accessors-smart\2.5.1\accessors-smart-2.5.1.jar;C:\Users\MiguelCabezasPuerto\.m2\repository\org\ow2\asm\asm\9.6\asm-9.6.jar;C:\Users\MiguelCabezasPuerto\.m2\repository\org\assertj\assertj-core\3.24.2\assertj-core-3.24.2.jar;C:\Users\MiguelCabezasPuerto\.m2\repository\org\awaitility\awaitility\4.2.2\awaitility-4.2.2.jar;C:\Users\MiguelCabezasPuerto\.m2\repository\org\hamcrest\hamcrest\2.2\hamcrest-2.2.jar;C:\Users\MiguelCabezasPuerto\.m2\repository\org\skyscreamer\jsonassert\1.5.3\jsonassert-1.5.3.jar;C:\Users\MiguelCabezasPuerto\.m2\repository\com\vaadin\external\google\android-json\0.0.20131108.vaadin1\android-json-0.0.20131108.vaadin1.jar;C:\Users\MiguelCabezasPuerto\.m2\repository\org\springframework\spring-core\6.1.13\spring-core-6.1.13.jar;C:\Users\MiguelCabezasPuerto\.m2\repository\org\springframework\spring-jcl\6.1.13\spring-jcl-6.1.13.jar;C:\Users\MiguelCabezasPuerto\.m2\repository\org\springframework\spring-test\6.1.13\spring-test-6.1.13.jar;C:\Users\MiguelCabezasPuerto\.m2\repository\org\xmlunit\xmlunit-core\2.9.1\xmlunit-core-2.9.1.jar;C:\Users\MiguelCabezasPuerto\.m2\repository\io\projectreactor\reactor-test\3.6.10\reactor-test-3.6.10.jar;C:\Users\MiguelCabezasPuerto\.m2\repository\io\projectreactor\reactor-core\3.6.10\reactor-core-3.6.10.jar;C:\Users\MiguelCabezasPuerto\.m2\repository\org\springframework\boot\spring-boot-starter-data-couchbase\3.2.10\spring-boot-starter-data-couchbase-3.2.10.jar;C:\Users\MiguelCabezasPuerto\.m2\repository\org\springframework\data\spring-data-couchbase\5.2.10\spring-data-couchbase-5.2.10.jar;C:\Users\MiguelCabezasPuerto\.m2\repository\com\querydsl\querydsl-apt\5.0.0\querydsl-apt-5.0.0-jakarta.jar;C:\Users\MiguelCabezasPuerto\.m2\repository\com\querydsl\querydsl-codegen\5.0.0\querydsl-codegen-5.0.0.jar;C:\Users\MiguelCabezasPuerto\.m2\repository\com\querydsl\querydsl-core\5.0.0\querydsl-core-5.0.0.jar;C:\Users\MiguelCabezasPuerto\.m2\repository\com\mysema\commons\mysema-commons-lang\0.2.4\mysema-commons-lang-0.2.4.jar;C:\Users\MiguelCabezasPuerto\.m2\repository\com\querydsl\codegen-utils\5.0.0\codegen-utils-5.0.0.jar;C:\Users\MiguelCabezasPuerto\.m2\repository\org\eclipse\jdt\ecj\3.26.0\ecj-3.26.0.jar;C:\Users\MiguelCabezasPuerto\.m2\repository\io\github\classgraph\classgraph\4.8.108\classgraph-4.8.108.jar;C:\Users\MiguelCabezasPuerto\.m2\repository\org\springframework\spring-context-support\6.1.13\spring-context-support-6.1.13.jar;C:\Users\MiguelCabezasPuerto\.m2\repository\com\couchbase\client\java-client\3.4.11\java-client-3.4.11.jar;C:\Users\MiguelCabezasPuerto\.m2\repository\com\couchbase\client\core-io\2.4.11\core-io-2.4.11.jar;C:\Users\MiguelCabezasPuerto\.m2\repository\org\springframework\boot\spring-boot-starter-data-jpa\3.2.10\spring-boot-starter-data-jpa-3.2.10.jar;C:\Users\MiguelCabezasPuerto\.m2\repository\org\springframework\boot\spring-boot-starter-jdbc\3.2.10\spring-boot-starter-jdbc-3.2.10.jar;C:\Users\MiguelCabezasPuerto\.m2\repository\com\zaxxer\HikariCP\5.0.1\HikariCP-5.0.1.jar;C:\Users\MiguelCabezasPuerto\.m2\repository\org\hibernate\orm\hibernate-core\6.4.10.Final\hibernate-core-6.4.10.Final.jar;C:\Users\MiguelCabezasPuerto\.m2\repository\jakarta\persistence\jakarta.persistence-api\3.1.0\jakarta.persistence-api-3.1.0.jar;C:\Users\MiguelCabezasPuerto\.m2\repository\jakarta\transaction\jakarta.transaction-api\2.0.1\jakarta.transaction-api-2.0.1.jar;C:\Users\MiguelCabezasPuerto\.m2\repository\org\hibernate\common\hibernate-commons-annotations\6.0.6.Final\hibernate-commons-annotations-6.0.6.Final.jar;C:\Users\MiguelCabezasPuerto\.m2\repository\io\smallrye\jandex\3.1.2\jandex-3.1.2.jar;C:\Users\MiguelCabezasPuerto\.m2\repository\jakarta\inject\jakarta.inject-api\2.0.1\jakarta.inject-api-2.0.1.jar;C:\Users\MiguelCabezasPuerto\.m2\repository\org\antlr\antlr4-runtime\4.13.0\antlr4-runtime-4.13.0.jar;C:\Users\MiguelCabezasPuerto\.m2\repository\org\springframework\data\spring-data-jpa\3.2.10\spring-data-jpa-3.2.10.jar;C:\Users\MiguelCabezasPuerto\.m2\repository\org\springframework\spring-orm\6.1.13\spring-orm-6.1.13.jar;C:\Users\MiguelCabezasPuerto\.m2\repository\org\springframework\spring-aspects\6.1.13\spring-aspects-6.1.13.jar;C:\Users\MiguelCabezasPuerto\.m2\repository\com\github\ben-manes\caffeine\caffeine\3.1.8\caffeine-3.1.8.jar;C:\Users\MiguelCabezasPuerto\.m2\repository\org\checkerframework\checker-qual\3.37.0\checker-qual-3.37.0.jar;C:\Users\MiguelCabezasPuerto\.m2\repository\com\google\errorprone\error_prone_annotations\2.21.1\error_prone_annotations-2.21.1.jar;C:\Users\MiguelCabezasPuerto\.m2\repository\io\r2dbc\r2dbc-h2\1.0.0.RELEASE\r2dbc-h2-1.0.0.RELEASE.jar;C:\Users\MiguelCabezasPuerto\.m2\repository\org\springframework\boot\spring-boot-starter-data-couchbase-reactive\3.2.10\spring-boot-starter-data-couchbase-reactive-3.2.10.jar;C:\Users\MiguelCabezasPuerto\.m2\repository\org\springframework\boot\spring-boot-starter-data-mongodb-reactive\3.2.10\spring-boot-starter-data-mongodb-reactive-3.2.10.jar;C:\Users\MiguelCabezasPuerto\.m2\repository\org\mongodb\mongodb-driver-reactivestreams\4.11.4\mongodb-driver-reactivestreams-4.11.4.jar;C:\Users\MiguelCabezasPuerto\.m2\repository\org\mongodb\bson\4.11.4\bson-4.11.4.jar;C:\Users\MiguelCabezasPuerto\.m2\repository\org\mongodb\mongodb-driver-core\4.11.4\mongodb-driver-core-4.11.4.jar;C:\Users\MiguelCabezasPuerto\.m2\repository\org\mongodb\bson-record-codec\4.11.4\bson-record-codec-4.11.4.jar;C:\Users\MiguelCabezasPuerto\.m2\repository\org\springframework\data\spring-data-mongodb\4.2.10\spring-data-mongodb-4.2.10.jar;C:\Users\MiguelCabezasPuerto\.m2\repository\de\flapdoodle\embed\de.flapdoodle.embed.mongo\3.0.0\de.flapdoodle.embed.mongo-3.0.0.jar;C:\Users\MiguelCabezasPuerto\.m2\repository\de\flapdoodle\embed\de.flapdoodle.embed.process\3.0.1\de.flapdoodle.embed.process-3.0.1.jar;C:\Users\MiguelCabezasPuerto\.m2\repository\org\apache\commons\commons-lang3\3.13.0\commons-lang3-3.13.0.jar;C:\Users\MiguelCabezasPuerto\.m2\repository\org\apache\commons\commons-compress\1.20\commons-compress-1.20.jar;C:\Users\MiguelCabezasPuerto\.m2\repository\net\java\dev\jna\jna\5.6.0\jna-5.6.0.jar;C:\Users\MiguelCabezasPuerto\.m2\repository\net\java\dev\jna\jna-platform\5.6.0\jna-platform-5.6.0.jar;C:\Users\MiguelCabezasPuerto\.m2\repository\javax\xml\bind\jaxb-api\2.3.1\jaxb-api-2.3.1.jar;C:\Users\MiguelCabezasPuerto\.m2\repository\javax\activation\javax.activation-api\1.2.0\javax.activation-api-1.2.0.jar;C:\Users\MiguelCabezasPuerto\.m2\repository\org\glassfish\jaxb\jaxb-runtime\2.3.1\jaxb-runtime-2.3.1.jar;C:\Users\MiguelCabezasPuerto\.m2\repository\org\glassfish\jaxb\txw2\4.0.5\txw2-4.0.5.jar;C:\Users\MiguelCabezasPuerto\.m2\repository\com\sun\istack\istack-commons-runtime\4.1.2\istack-commons-runtime-4.1.2.jar;C:\Users\MiguelCabezasPuerto\.m2\repository\org\jvnet\staxex\stax-ex\2.1.0\stax-ex-2.1.0.jar;C:\Users\MiguelCabezasPuerto\.m2\repository\com\sun\xml\fastinfoset\FastInfoset\2.1.1\FastInfoset-2.1.1.jar;C:\Users\MiguelCabezasPuerto\.m2\repository\org\springframework\cloud\spring-cloud-commons\4.1.0\spring-cloud-commons-4.1.0.jar;C:\Users\MiguelCabezasPuerto\.m2\repository\org\springframework\security\spring-security-crypto\6.2.6\spring-security-crypto-6.2.6.jar;C:\Users\MiguelCabezasPuerto\.m2\repository\org\springframework\boot\spring-boot-starter\3.2.10\spring-boot-starter-3.2.10.jar;C:\Users\MiguelCabezasPuerto\.m2\repository\org\springframework\boot\spring-boot\3.2.10\spring-boot-3.2.10.jar;C:\Users\MiguelCabezasPuerto\.m2\repository\org\springframework\boot\spring-boot-autoconfigure\3.2.10\spring-boot-autoconfigure-3.2.10.jar;C:\Users\MiguelCabezasPuerto\.m2\repository\jakarta\annotation\jakarta.annotation-api\2.1.1\jakarta.annotation-api-2.1.1.jar;C:\Users\MiguelCabezasPuerto\.m2\repository\org\yaml\snakeyaml\2.2\snakeyaml-2.2.jar;C:\Users\MiguelCabezasPuerto\.m2\repository\io\projectreactor\addons\reactor-adapter\3.5.2\reactor-adapter-3.5.2.jar;C:\Users\MiguelCabezasPuerto\.m2\repository\org\springframework\boot\spring-boot-starter-webflux\3.2.10\spring-boot-starter-webflux-3.2.10.jar;C:\Users\MiguelCabezasPuerto\.m2\repository\org\springframework\boot\spring-boot-starter-reactor-netty\3.2.10\spring-boot-starter-reactor-netty-3.2.10.jar;C:\Users\MiguelCabezasPuerto\.m2\repository\io\projectreactor\netty\reactor-netty-http\1.1.22\reactor-netty-http-1.1.22.jar;C:\Users\MiguelCabezasPuerto\.m2\repository\io\netty\netty-codec-http\4.1.113.Final\netty-codec-http-4.1.113.Final.jar;C:\Users\MiguelCabezasPuerto\.m2\repository\io\netty\netty-common\4.1.113.Final\netty-common-4.1.113.Final.jar;C:\Users\MiguelCabezasPuerto\.m2\repository\io\netty\netty-buffer\4.1.113.Final\netty-buffer-4.1.113.Final.jar;C:\Users\MiguelCabezasPuerto\.m2\repository\io\netty\netty-transport\4.1.113.Final\netty-transport-4.1.113.Final.jar;C:\Users\MiguelCabezasPuerto\.m2\repository\io\netty\netty-codec\4.1.113.Final\netty-codec-4.1.113.Final.jar;C:\Users\MiguelCabezasPuerto\.m2\repository\io\netty\netty-handler\4.1.113.Final\netty-handler-4.1.113.Final.jar;C:\Users\MiguelCabezasPuerto\.m2\repository\io\netty\netty-codec-http2\4.1.113.Final\netty-codec-http2-4.1.113.Final.jar;C:\Users\MiguelCabezasPuerto\.m2\repository\io\netty\netty-resolver-dns\4.1.113.Final\netty-resolver-dns-4.1.113.Final.jar;C:\Users\MiguelCabezasPuerto\.m2\repository\io\netty\netty-resolver\4.1.113.Final\netty-resolver-4.1.113.Final.jar;C:\Users\MiguelCabezasPuerto\.m2\repository\io\netty\netty-codec-dns\4.1.113.Final\netty-codec-dns-4.1.113.Final.jar;C:\Users\MiguelCabezasPuerto\.m2\repository\io\netty\netty-resolver-dns-native-macos\4.1.113.Final\netty-resolver-dns-native-macos-4.1.113.Final-osx-x86_64.jar;C:\Users\MiguelCabezasPuerto\.m2\repository\io\netty\netty-resolver-dns-classes-macos\4.1.113.Final\netty-resolver-dns-classes-macos-4.1.113.Final.jar;C:\Users\MiguelCabezasPuerto\.m2\repository\io\netty\netty-transport-native-epoll\4.1.113.Final\netty-transport-native-epoll-4.1.113.Final-linux-x86_64.jar;C:\Users\MiguelCabezasPuerto\.m2\repository\io\netty\netty-transport-native-unix-common\4.1.113.Final\netty-transport-native-unix-common-4.1.113.Final.jar;C:\Users\MiguelCabezasPuerto\.m2\repository\io\netty\netty-transport-classes-epoll\4.1.113.Final\netty-transport-classes-epoll-4.1.113.Final.jar;C:\Users\MiguelCabezasPuerto\.m2\repository\io\projectreactor\netty\reactor-netty-core\1.1.22\reactor-netty-core-1.1.22.jar;C:\Users\MiguelCabezasPuerto\.m2\repository\io\netty\netty-handler-proxy\4.1.113.Final\netty-handler-proxy-4.1.113.Final.jar;C:\Users\MiguelCabezasPuerto\.m2\repository\io\netty\netty-codec-socks\4.1.113.Final\netty-codec-socks-4.1.113.Final.jar;C:\Users\MiguelCabezasPuerto\.m2\repository\org\springframework\spring-webflux\6.1.13\spring-webflux-6.1.13.jar;C:\Users\MiguelCabezasPuerto\.m2\repository\io\github\resilience4j\resilience4j-spring-boot2\1.7.0\resilience4j-spring-boot2-1.7.0.jar;C:\Users\MiguelCabezasPuerto\.m2\repository\io\vavr\vavr\0.10.2\vavr-0.10.2.jar;C:\Users\MiguelCabezasPuerto\.m2\repository\io\vavr\vavr-match\0.10.2\vavr-match-0.10.2.jar;C:\Users\MiguelCabezasPuerto\.m2\repository\org\slf4j\slf4j-api\2.0.16\slf4j-api-2.0.16.jar;C:\Users\MiguelCabezasPuerto\.m2\repository\io\github\resilience4j\resilience4j-spring\1.7.0\resilience4j-spring-1.7.0.jar;C:\Users\MiguelCabezasPuerto\.m2\repository\io\github\resilience4j\resilience4j-annotations\1.7.0\resilience4j-annotations-1.7.0.jar;C:\Users\MiguelCabezasPuerto\.m2\repository\io\github\resilience4j\resilience4j-consumer\1.7.0\resilience4j-consumer-1.7.0.jar;C:\Users\MiguelCabezasPuerto\.m2\repository\io\github\resilience4j\resilience4j-core\1.7.0\resilience4j-core-1.7.0.jar;C:\Users\MiguelCabezasPuerto\.m2\repository\io\github\resilience4j\resilience4j-circularbuffer\1.7.0\resilience4j-circularbuffer-1.7.0.jar;C:\Users\MiguelCabezasPuerto\.m2\repository\io\github\resilience4j\resilience4j-framework-common\1.7.0\resilience4j-framework-common-1.7.0.jar;C:\Users\MiguelCabezasPuerto\.m2\repository\io\github\resilience4j\resilience4j-circuitbreaker\1.7.0\resilience4j-circuitbreaker-1.7.0.jar;C:\Users\MiguelCabezasPuerto\.m2\repository\io\github\resilience4j\resilience4j-ratelimiter\1.7.0\resilience4j-ratelimiter-1.7.0.jar;C:\Users\MiguelCabezasPuerto\.m2\repository\io\github\resilience4j\resilience4j-retry\1.7.0\resilience4j-retry-1.7.0.jar;C:\Users\MiguelCabezasPuerto\.m2\repository\io\github\resilience4j\resilience4j-bulkhead\1.7.0\resilience4j-bulkhead-1.7.0.jar;C:\Users\MiguelCabezasPuerto\.m2\repository\io\github\resilience4j\resilience4j-timelimiter\1.7.0\resilience4j-timelimiter-1.7.0.jar;C:\Users\MiguelCabezasPuerto\.m2\repository\io\github\resilience4j\resilience4j-micrometer\1.7.0\resilience4j-micrometer-1.7.0.jar;C:\Users\MiguelCabezasPuerto\.m2\repository\org\springframework\boot\spring-boot-starter-aop\3.2.10\spring-boot-starter-aop-3.2.10.jar;C:\Users\MiguelCabezasPuerto\.m2\repository\org\springframework\spring-aop\6.1.13\spring-aop-6.1.13.jar;C:\Users\MiguelCabezasPuerto\.m2\repository\org\aspectj\aspectjweaver\1.9.22.1\aspectjweaver-1.9.22.1.jar;C:\Users\MiguelCabezasPuerto\.m2\repository\org\springframework\boot\spring-boot-starter-actuator\3.2.10\spring-boot-starter-actuator-3.2.10.jar;C:\Users\MiguelCabezasPuerto\.m2\repository\org\springframework\boot\spring-boot-actuator-autoconfigure\3.2.10\spring-boot-actuator-autoconfigure-3.2.10.jar;C:\Users\MiguelCabezasPuerto\.m2\repository\org\springframework\boot\spring-boot-actuator\3.2.10\spring-boot-actuator-3.2.10.jar;C:\Users\MiguelCabezasPuerto\.m2\repository\io\micrometer\micrometer-observation\1.12.10\micrometer-observation-1.12.10.jar;C:\Users\MiguelCabezasPuerto\.m2\repository\io\micrometer\micrometer-commons\1.12.10\micrometer-commons-1.12.10.jar;C:\Users\MiguelCabezasPuerto\.m2\repository\io\micrometer\micrometer-jakarta9\1.12.10\micrometer-jakarta9-1.12.10.jar;C:\Users\MiguelCabezasPuerto\.m2\repository\io\micrometer\micrometer-core\1.12.10\micrometer-core-1.12.10.jar;C:\Users\MiguelCabezasPuerto\.m2\repository\org\hdrhistogram\HdrHistogram\2.1.12\HdrHistogram-2.1.12.jar;C:\Users\MiguelCabezasPuerto\.m2\repository\org\latencyutils\LatencyUtils\2.0.3\LatencyUtils-2.0.3.jar;C:\Users\MiguelCabezasPuerto\.m2\repository\org\openapitools\jackson-databind-nullable\0.2.0\jackson-databind-nullable-0.2.0.jar;C:\Users\MiguelCabezasPuerto\.m2\repository\com\fasterxml\jackson\core\jackson-databind\2.15.4\jackson-databind-2.15.4.jar;C:\Users\MiguelCabezasPuerto\.m2\repository\com\fasterxml\jackson\core\jackson-annotations\2.15.4\jackson-annotations-2.15.4.jar;C:\Users\MiguelCabezasPuerto\.m2\repository\com\fasterxml\jackson\core\jackson-core\2.15.4\jackson-core-2.15.4.jar;C:\Users\MiguelCabezasPuerto\.m2\repository\io\swagger\core\v3\swagger-annotations\2.2.20\swagger-annotations-2.2.20.jar;C:\Users\MiguelCabezasPuerto\.m2\repository\jakarta\validation\jakarta.validation-api\3.0.2\jakarta.validation-api-3.0.2.jar;C:\Users\MiguelCabezasPuerto\.m2\repository\org\hibernate\validator\hibernate-validator\8.0.1.Final\hibernate-validator-8.0.1.Final.jar;C:\Users\MiguelCabezasPuerto\.m2\repository\org\jboss\logging\jboss-logging\3.5.3.Final\jboss-logging-3.5.3.Final.jar;C:\Users\MiguelCabezasPuerto\.m2\repository\com\fasterxml\classmate\1.6.0\classmate-1.6.0.jar;C:\Users\MiguelCabezasPuerto\.m2\repository\javax\annotation\javax.annotation-api\1.3.2\javax.annotation-api-1.3.2.jar;C:\Users\MiguelCabezasPuerto\.m2\repository\org\glassfish\jakarta.json\2.0.1\jakarta.json-2.0.1.jar;C:\Users\MiguelCabezasPuerto\.m2\repository\org\mockito\mockito-core\5.7.0\mockito-core-5.7.0.jar;C:\Users\MiguelCabezasPuerto\.m2\repository\net\bytebuddy\byte-buddy\1.14.19\byte-buddy-1.14.19.jar;C:\Users\MiguelCabezasPuerto\.m2\repository\net\bytebuddy\byte-buddy-agent\1.14.19\byte-buddy-agent-1.14.19.jar;C:\Users\MiguelCabezasPuerto\.m2\repository\org\objenesis\objenesis\3.3\objenesis-3.3.jar;C:\Users\MiguelCabezasPuerto\.m2\repository\junit\junit\4.13.2\junit-4.13.2.jar;C:\Users\MiguelCabezasPuerto\.m2\repository\org\hamcrest\hamcrest-core\2.2\hamcrest-core-2.2.jar;C:\Users\MiguelCabezasPuerto\.m2\repository\io\rest-assured\rest-assured\4.4.0\rest-assured-4.4.0.jar;C:\Users\MiguelCabezasPuerto\.m2\repository\org\codehaus\groovy\groovy\3.0.8\groovy-3.0.8.jar;C:\Users\MiguelCabezasPuerto\.m2\repository\org\codehaus\groovy\groovy-xml\3.0.8\groovy-xml-3.0.8.jar;C:\Users\MiguelCabezasPuerto\.m2\repository\org\apache\httpcomponents\httpclient\4.5.13\httpclient-4.5.13.jar;C:\Users\MiguelCabezasPuerto\.m2\repository\org\apache\httpcomponents\httpcore\4.4.16\httpcore-4.4.16.jar;C:\Users\MiguelCabezasPuerto\.m2\repository\commons-logging\commons-logging\1.2\commons-logging-1.2.jar;C:\Users\MiguelCabezasPuerto\.m2\repository\commons-codec\commons-codec\1.16.1\commons-codec-1.16.1.jar;C:\Users\MiguelCabezasPuerto\.m2\repository\org\apache\httpcomponents\httpmime\4.5.13\httpmime-4.5.13.jar;C:\Users\MiguelCabezasPuerto\.m2\repository\org\ccil\cowan\tagsoup\tagsoup\1.2.1\tagsoup-1.2.1.jar;C:\Users\MiguelCabezasPuerto\.m2\repository\io\rest-assured\json-path\5.3.2\json-path-5.3.2.jar;C:\Users\MiguelCabezasPuerto\.m2\repository\org\apache\groovy\groovy-json\4.0.23\groovy-json-4.0.23.jar;C:\Users\MiguelCabezasPuerto\.m2\repository\org\apache\groovy\groovy\4.0.23\groovy-4.0.23.jar;C:\Users\MiguelCabezasPuerto\.m2\repository\io\rest-assured\rest-assured-common\5.3.2\rest-assured-common-5.3.2.jar;C:\Users\MiguelCabezasPuerto\.m2\repository\io\rest-assured\xml-path\5.3.2\xml-path-5.3.2.jar;C:\Users\MiguelCabezasPuerto\.m2\repository\org\apache\groovy\groovy-xml\4.0.23\groovy-xml-4.0.23.jar;C:\Users\MiguelCabezasPuerto\.m2\repository\io\cucumber\cucumber-java\7.0.0\cucumber-java-7.0.0.jar;C:\Users\MiguelCabezasPuerto\.m2\repository\io\cucumber\cucumber-core\7.0.0\cucumber-core-7.0.0.jar;C:\Users\MiguelCabezasPuerto\.m2\repository\io\cucumber\cucumber-gherkin\7.0.0\cucumber-gherkin-7.0.0.jar;C:\Users\MiguelCabezasPuerto\.m2\repository\io\cucumber\cucumber-gherkin-messages\7.0.0\cucumber-gherkin-messages-7.0.0.jar;C:\Users\MiguelCabezasPuerto\.m2\repository\io\cucumber\messages\17.1.1\messages-17.1.1.jar;C:\Users\MiguelCabezasPuerto\.m2\repository\io\cucumber\tag-expressions\4.0.2\tag-expressions-4.0.2.jar;C:\Users\MiguelCabezasPuerto\.m2\repository\io\cucumber\cucumber-expressions\13.0.1\cucumber-expressions-13.0.1.jar;C:\Users\MiguelCabezasPuerto\.m2\repository\io\cucumber\datatable\7.0.0\datatable-7.0.0.jar;C:\Users\MiguelCabezasPuerto\.m2\repository\io\cucumber\cucumber-plugin\7.0.0\cucumber-plugin-7.0.0.jar;C:\Users\MiguelCabezasPuerto\.m2\repository\io\cucumber\docstring\7.0.0\docstring-7.0.0.jar;C:\Users\MiguelCabezasPuerto\.m2\repository\io\cucumber\html-formatter\17.0.0\html-formatter-17.0.0.jar;C:\Users\MiguelCabezasPuerto\.m2\repository\io\cucumber\create-meta\6.0.1\create-meta-6.0.1.jar;C:\Users\MiguelCabezasPuerto\.m2\repository\org\apiguardian\apiguardian-api\1.1.2\apiguardian-api-1.1.2.jar;C:\Users\MiguelCabezasPuerto\.m2\repository\io\cucumber\cucumber-junit\7.0.0\cucumber-junit-7.0.0.jar;C:\Users\MiguelCabezasPuerto\.m2\repository\org\junit\platform\junit-platform-suite-api\1.8.2\junit-platform-suite-api-1.8.2.jar;C:\Users\MiguelCabezasPuerto\.m2\repository\org\junit\platform\junit-platform-commons\1.10.3\junit-platform-commons-1.10.3.jar;C:\Users\MiguelCabezasPuerto\.m2\repository\org\junit\platform\junit-platform-suite-engine\1.8.2\junit-platform-suite-engine-1.8.2.jar;C:\Users\MiguelCabezasPuerto\.m2\repository\org\junit\platform\junit-platform-engine\1.10.3\junit-platform-engine-1.10.3.jar;C:\Users\MiguelCabezasPuerto\.m2\repository\org\opentest4j\opentest4j\1.3.0\opentest4j-1.3.0.jar;C:\Users\MiguelCabezasPuerto\.m2\repository\org\junit\platform\junit-platform-suite-commons\1.10.3\junit-platform-suite-commons-1.10.3.jar;C:\Users\MiguelCabezasPuerto\.m2\repository\org\junit\platform\junit-platform-launcher\1.10.3\junit-platform-launcher-1.10.3.jar;C:\Users\MiguelCabezasPuerto\.m2\repository\io\cucumber\cucumber-junit-platform-engine\7.0.0\cucumber-junit-platform-engine-7.0.0.jar;C:\Users\MiguelCabezasPuerto\.m2\repository\org\seleniumhq\selenium\selenium-java\4.0.0\selenium-java-4.0.0.jar;C:\Users\MiguelCabezasPuerto\.m2\repository\org\seleniumhq\selenium\selenium-api\4.14.1\selenium-api-4.14.1.jar;C:\Users\MiguelCabezasPuerto\.m2\repository\org\seleniumhq\selenium\selenium-chrome-driver\4.14.1\selenium-chrome-driver-4.14.1.jar;C:\Users\MiguelCabezasPuerto\.m2\repository\com\google\auto\service\auto-service-annotations\1.1.1\auto-service-annotations-1.1.1.jar;C:\Users\MiguelCabezasPuerto\.m2\repository\com\google\guava\guava\32.1.2-jre\guava-32.1.2-jre.jar;C:\Users\MiguelCabezasPuerto\.m2\repository\com\google\guava\failureaccess\1.0.1\failureaccess-1.0.1.jar;C:\Users\MiguelCabezasPuerto\.m2\repository\com\google\guava\listenablefuture\9999.0-empty-to-avoid-conflict-with-guava\listenablefuture-9999.0-empty-to-avoid-conflict-with-guava.jar;C:\Users\MiguelCabezasPuerto\.m2\repository\com\google\code\findbugs\jsr305\3.0.2\jsr305-3.0.2.jar;C:\Users\MiguelCabezasPuerto\.m2\repository\com\google\j2objc\j2objc-annotations\2.8\j2objc-annotations-2.8.jar;C:\Users\MiguelCabezasPuerto\.m2\repository\org\seleniumhq\selenium\selenium-chromium-driver\4.14.1\selenium-chromium-driver-4.14.1.jar;C:\Users\MiguelCabezasPuerto\.m2\repository\org\seleniumhq\selenium\selenium-json\4.14.1\selenium-json-4.14.1.jar;C:\Users\MiguelCabezasPuerto\.m2\repository\org\seleniumhq\selenium\selenium-manager\4.14.1\selenium-manager-4.14.1.jar;C:\Users\MiguelCabezasPuerto\.m2\repository\org\seleniumhq\selenium\selenium-devtools-v85\4.14.1\selenium-devtools-v85-4.14.1.jar;C:\Users\MiguelCabezasPuerto\.m2\repository\org\seleniumhq\selenium\selenium-devtools-v93\4.0.0\selenium-devtools-v93-4.0.0.jar;C:\Users\MiguelCabezasPuerto\.m2\repository\com\google\auto\service\auto-service\1.0\auto-service-1.0.jar;C:\Users\MiguelCabezasPuerto\.m2\repository\com\google\auto\auto-common\1.0\auto-common-1.0.jar;C:\Users\MiguelCabezasPuerto\.m2\repository\org\seleniumhq\selenium\selenium-devtools-v94\4.0.0\selenium-devtools-v94-4.0.0.jar;C:\Users\MiguelCabezasPuerto\.m2\repository\org\seleniumhq\selenium\selenium-devtools-v95\4.0.0\selenium-devtools-v95-4.0.0.jar;C:\Users\MiguelCabezasPuerto\.m2\repository\org\seleniumhq\selenium\selenium-edge-driver\4.14.1\selenium-edge-driver-4.14.1.jar;C:\Users\MiguelCabezasPuerto\.m2\repository\org\seleniumhq\selenium\selenium-firefox-driver\4.14.1\selenium-firefox-driver-4.14.1.jar;C:\Users\MiguelCabezasPuerto\.m2\repository\org\seleniumhq\selenium\selenium-http\4.14.1\selenium-http-4.14.1.jar;C:\Users\MiguelCabezasPuerto\.m2\repository\dev\failsafe\failsafe\3.3.2\failsafe-3.3.2.jar;C:\Users\MiguelCabezasPuerto\.m2\repository\org\seleniumhq\selenium\selenium-firefox-xpi-driver\4.0.0\selenium-firefox-xpi-driver-4.0.0.jar;C:\Users\MiguelCabezasPuerto\.m2\repository\org\seleniumhq\selenium\selenium-ie-driver\4.14.1\selenium-ie-driver-4.14.1.jar;C:\Users\MiguelCabezasPuerto\.m2\repository\org\seleniumhq\selenium\selenium-opera-driver\4.0.0\selenium-opera-driver-4.0.0.jar;C:\Users\MiguelCabezasPuerto\.m2\repository\org\seleniumhq\selenium\selenium-remote-driver\4.14.1\selenium-remote-driver-4.14.1.jar;C:\Users\MiguelCabezasPuerto\.m2\repository\io\opentelemetry\opentelemetry-api\1.31.0\opentelemetry-api-1.31.0.jar;C:\Users\MiguelCabezasPuerto\.m2\repository\io\opentelemetry\opentelemetry-context\1.31.0\opentelemetry-context-1.31.0.jar;C:\Users\MiguelCabezasPuerto\.m2\repository\io\opentelemetry\opentelemetry-exporter-logging\1.31.0\opentelemetry-exporter-logging-1.31.0.jar;C:\Users\MiguelCabezasPuerto\.m2\repository\io\opentelemetry\opentelemetry-sdk-common\1.31.0\opentelemetry-sdk-common-1.31.0.jar;C:\Users\MiguelCabezasPuerto\.m2\repository\io\opentelemetry\opentelemetry-sdk-extension-autoconfigure-spi\1.31.0\opentelemetry-sdk-extension-autoconfigure-spi-1.31.0.jar;C:\Users\MiguelCabezasPuerto\.m2\repository\io\opentelemetry\opentelemetry-sdk-extension-autoconfigure\1.31.0\opentelemetry-sdk-extension-autoconfigure-1.31.0.jar;C:\Users\MiguelCabezasPuerto\.m2\repository\io\opentelemetry\opentelemetry-api-events\1.31.0-alpha\opentelemetry-api-events-1.31.0-alpha.jar;C:\Users\MiguelCabezasPuerto\.m2\repository\io\opentelemetry\opentelemetry-sdk-trace\1.31.0\opentelemetry-sdk-trace-1.31.0.jar;C:\Users\MiguelCabezasPuerto\.m2\repository\io\opentelemetry\opentelemetry-sdk\1.31.0\opentelemetry-sdk-1.31.0.jar;C:\Users\MiguelCabezasPuerto\.m2\repository\io\opentelemetry\opentelemetry-sdk-metrics\1.31.0\opentelemetry-sdk-metrics-1.31.0.jar;C:\Users\MiguelCabezasPuerto\.m2\repository\io\opentelemetry\opentelemetry-extension-incubator\1.31.0-alpha\opentelemetry-extension-incubator-1.31.0-alpha.jar;C:\Users\MiguelCabezasPuerto\.m2\repository\io\opentelemetry\opentelemetry-sdk-logs\1.31.0\opentelemetry-sdk-logs-1.31.0.jar;C:\Users\MiguelCabezasPuerto\.m2\repository\io\opentelemetry\opentelemetry-semconv\1.28.0-alpha\opentelemetry-semconv-1.28.0-alpha.jar;C:\Users\MiguelCabezasPuerto\.m2\repository\org\seleniumhq\selenium\selenium-os\4.14.1\selenium-os-4.14.1.jar;C:\Users\MiguelCabezasPuerto\.m2\repository\org\apache\commons\commons-exec\1.3\commons-exec-1.3.jar;C:\Users\MiguelCabezasPuerto\.m2\repository\org\seleniumhq\selenium\selenium-safari-driver\4.14.1\selenium-safari-driver-4.14.1.jar;C:\Users\MiguelCabezasPuerto\.m2\repository\org\seleniumhq\selenium\selenium-support\4.14.1\selenium-support-4.14.1.jar;C:\Users\MiguelCabezasPuerto\.m2\repository\org\junit\jupiter\junit-jupiter\5.10.3\junit-jupiter-5.10.3.jar;C:\Users\MiguelCabezasPuerto\.m2\repository\org\junit\jupiter\junit-jupiter-api\5.10.3\junit-jupiter-api-5.10.3.jar;C:\Users\MiguelCabezasPuerto\.m2\repository\org\junit\jupiter\junit-jupiter-params\5.10.3\junit-jupiter-params-5.10.3.jar;C:\Users\MiguelCabezasPuerto\.m2\repository\org\junit\jupiter\junit-jupiter-engine\5.10.3\junit-jupiter-engine-5.10.3.jar;C:\Users\MiguelCabezasPuerto\.m2\repository\org\mockito\mockito-junit-jupiter\5.7.0\mockito-junit-jupiter-5.7.0.jar;C:\Users\MiguelCabezasPuerto\.m2\repository\com\squareup\okhttp3\mockwebserver\4.12.0\mockwebserver-4.12.0.jar;C:\Users\MiguelCabezasPuerto\.m2\repository\com\squareup\okhttp3\okhttp\4.12.0\okhttp-4.12.0.jar;C:\Users\MiguelCabezasPuerto\.m2\repository\com\squareup\okio\okio\3.6.0\okio-3.6.0.jar;C:\Users\MiguelCabezasPuerto\.m2\repository\com\squareup\okio\okio-jvm\3.6.0\okio-jvm-3.6.0.jar;C:\Users\MiguelCabezasPuerto\.m2\repository\org\jetbrains\kotlin\kotlin-stdlib-common\1.9.25\kotlin-stdlib-common-1.9.25.jar;C:\Users\MiguelCabezasPuerto\.m2\repository\org\jetbrains\kotlin\kotlin-stdlib-jdk8\1.9.25\kotlin-stdlib-jdk8-1.9.25.jar;C:\Users\MiguelCabezasPuerto\.m2\repository\org\jetbrains\kotlin\kotlin-stdlib\1.9.25\kotlin-stdlib-1.9.25.jar;C:\Users\MiguelCabezasPuerto\.m2\repository\org\jetbrains\annotations\13.0\annotations-13.0.jar;C:\Users\MiguelCabezasPuerto\.m2\repository\org\jetbrains\kotlin\kotlin-stdlib-jdk7\1.9.25\kotlin-stdlib-jdk7-1.9.25.jar;C:\Users\MiguelCabezasPuerto\.m2\repository\org\springframework\boot\spring-boot-starter-logging\3.2.10\spring-boot-starter-logging-3.2.10.jar;C:\Users\MiguelCabezasPuerto\.m2\repository\ch\qos\logback\logback-classic\1.4.14\logback-classic-1.4.14.jar;C:\Users\MiguelCabezasPuerto\.m2\repository\ch\qos\logback\logback-core\1.4.14\logback-core-1.4.14.jar;C:\Users\MiguelCabezasPuerto\.m2\repository\org\apache\logging\log4j\log4j-to-slf4j\2.21.1\log4j-to-slf4j-2.21.1.jar;C:\Users\MiguelCabezasPuerto\.m2\repository\org\apache\logging\log4j\log4j-api\2.21.1\log4j-api-2.21.1.jar;C:\Users\MiguelCabezasPuerto\.m2\repository\org\slf4j\jul-to-slf4j\2.0.16\jul-to-slf4j-2.0.16.jar;"/>
    <property name="java.vm.vendor" value="Oracle Corporation"/>
    <property name="sun.arch.data.model" value="64"/>
    <property name="user.variant" value=""/>
    <property name="java.vendor.url" value="https://java.oracle.com/"/>
    <property name="user.timezone" value="Europe/Madrid"/>
    <property name="os.name" value="Windows 11"/>
    <property name="java.vm.specification.version" value="17"/>
    <property name="sun.java.launcher" value="SUN_STANDARD"/>
    <property name="user.country" value="ES"/>
    <property name="sun.boot.library.path" value="C:\Program Files\Java\jdk-17\bin"/>
    <property name="sun.java.command" value="C:\Users\MiguelCabezasPuerto\AppData\Local\Temp\surefire8938585891859803756\surefirebooter-20250322125700740_3.jar C:\Users\MiguelCabezasPuerto\AppData\Local\Temp\surefire8938585891859803756 2025-03-22T12-57-00_410-jvmRun1 surefire-20250322125700740_1tmp surefire_0-20250322125700740_2tmp"/>
    <property name="jdk.debug" value="release"/>
    <property name="surefire.test.class.path" value="C:\Users\MiguelCabezasPuerto\Downloads\fever-demo-miguelcabezas\fever-demo-miguelcabezas\target\test-classes;C:\Users\MiguelCabezasPuerto\Downloads\fever-demo-miguelcabezas\fever-demo-miguelcabezas\target\classes;C:\Users\MiguelCabezasPuerto\.m2\repository\org\springframework\boot\spring-boot-starter-data-r2dbc\3.2.10\spring-boot-starter-data-r2dbc-3.2.10.jar;C:\Users\MiguelCabezasPuerto\.m2\repository\org\springframework\data\spring-data-r2dbc\3.2.10\spring-data-r2dbc-3.2.10.jar;C:\Users\MiguelCabezasPuerto\.m2\repository\org\springframework\data\spring-data-relational\3.2.10\spring-data-relational-3.2.10.jar;C:\Users\MiguelCabezasPuerto\.m2\repository\org\springframework\data\spring-data-commons\3.2.10\spring-data-commons-3.2.10.jar;C:\Users\MiguelCabezasPuerto\.m2\repository\org\springframework\spring-tx\6.1.13\spring-tx-6.1.13.jar;C:\Users\MiguelCabezasPuerto\.m2\repository\org\springframework\spring-context\6.1.13\spring-context-6.1.13.jar;C:\Users\MiguelCabezasPuerto\.m2\repository\org\springframework\spring-beans\6.1.13\spring-beans-6.1.13.jar;C:\Users\MiguelCabezasPuerto\.m2\repository\org\springframework\spring-jdbc\6.1.13\spring-jdbc-6.1.13.jar;C:\Users\MiguelCabezasPuerto\.m2\repository\org\springframework\spring-r2dbc\6.1.13\spring-r2dbc-6.1.13.jar;C:\Users\MiguelCabezasPuerto\.m2\repository\io\r2dbc\r2dbc-spi\1.0.0.RELEASE\r2dbc-spi-1.0.0.RELEASE.jar;C:\Users\MiguelCabezasPuerto\.m2\repository\org\reactivestreams\reactive-streams\1.0.4\reactive-streams-1.0.4.jar;C:\Users\MiguelCabezasPuerto\.m2\repository\io\r2dbc\r2dbc-pool\1.0.1.RELEASE\r2dbc-pool-1.0.1.RELEASE.jar;C:\Users\MiguelCabezasPuerto\.m2\repository\io\projectreactor\addons\reactor-pool\1.0.8\reactor-pool-1.0.8.jar;C:\Users\MiguelCabezasPuerto\.m2\repository\org\springframework\boot\spring-boot-starter-web\3.2.10\spring-boot-starter-web-3.2.10.jar;C:\Users\MiguelCabezasPuerto\.m2\repository\org\springframework\boot\spring-boot-starter-json\3.2.10\spring-boot-starter-json-3.2.10.jar;C:\Users\MiguelCabezasPuerto\.m2\repository\com\fasterxml\jackson\datatype\jackson-datatype-jdk8\2.15.4\jackson-datatype-jdk8-2.15.4.jar;C:\Users\MiguelCabezasPuerto\.m2\repository\com\fasterxml\jackson\datatype\jackson-datatype-jsr310\2.15.4\jackson-datatype-jsr310-2.15.4.jar;C:\Users\MiguelCabezasPuerto\.m2\repository\com\fasterxml\jackson\module\jackson-module-parameter-names\2.15.4\jackson-module-parameter-names-2.15.4.jar;C:\Users\MiguelCabezasPuerto\.m2\repository\org\springframework\boot\spring-boot-starter-tomcat\3.2.10\spring-boot-starter-tomcat-3.2.10.jar;C:\Users\MiguelCabezasPuerto\.m2\repository\org\apache\tomcat\embed\tomcat-embed-core\10.1.30\tomcat-embed-core-10.1.30.jar;C:\Users\MiguelCabezasPuerto\.m2\repository\org\apache\tomcat\embed\tomcat-embed-el\10.1.30\tomcat-embed-el-10.1.30.jar;C:\Users\MiguelCabezasPuerto\.m2\repository\org\apache\tomcat\embed\tomcat-embed-websocket\10.1.30\tomcat-embed-websocket-10.1.30.jar;C:\Users\MiguelCabezasPuerto\.m2\repository\org\springframework\spring-web\6.1.13\spring-web-6.1.13.jar;C:\Users\MiguelCabezasPuerto\.m2\repository\org\springframework\spring-webmvc\6.1.13\spring-webmvc-6.1.13.jar;C:\Users\MiguelCabezasPuerto\.m2\repository\org\springframework\spring-expression\6.1.13\spring-expression-6.1.13.jar;C:\Users\MiguelCabezasPuerto\.m2\repository\com\h2database\h2\2.2.224\h2-2.2.224.jar;C:\Users\MiguelCabezasPuerto\.m2\repository\org\projectlombok\lombok\1.18.34\lombok-1.18.34.jar;C:\Users\MiguelCabezasPuerto\.m2\repository\org\springframework\boot\spring-boot-starter-test\3.2.10\spring-boot-starter-test-3.2.10.jar;C:\Users\MiguelCabezasPuerto\.m2\repository\org\springframework\boot\spring-boot-test\3.2.10\spring-boot-test-3.2.10.jar;C:\Users\MiguelCabezasPuerto\.m2\repository\org\springframework\boot\spring-boot-test-autoconfigure\3.2.10\spring-boot-test-autoconfigure-3.2.10.jar;C:\Users\MiguelCabezasPuerto\.m2\repository\com\jayway\jsonpath\json-path\2.9.0\json-path-2.9.0.jar;C:\Users\MiguelCabezasPuerto\.m2\repository\jakarta\xml\bind\jakarta.xml.bind-api\4.0.2\jakarta.xml.bind-api-4.0.2.jar;C:\Users\MiguelCabezasPuerto\.m2\repository\jakarta\activation\jakarta.activation-api\2.1.3\jakarta.activation-api-2.1.3.jar;C:\Users\MiguelCabezasPuerto\.m2\repository\net\minidev\json-smart\2.5.1\json-smart-2.5.1.jar;C:\Users\MiguelCabezasPuerto\.m2\repository\net\minidev\accessors-smart\2.5.1\accessors-smart-2.5.1.jar;C:\Users\MiguelCabezasPuerto\.m2\repository\org\ow2\asm\asm\9.6\asm-9.6.jar;C:\Users\MiguelCabezasPuerto\.m2\repository\org\assertj\assertj-core\3.24.2\assertj-core-3.24.2.jar;C:\Users\MiguelCabezasPuerto\.m2\repository\org\awaitility\awaitility\4.2.2\awaitility-4.2.2.jar;C:\Users\MiguelCabezasPuerto\.m2\repository\org\hamcrest\hamcrest\2.2\hamcrest-2.2.jar;C:\Users\MiguelCabezasPuerto\.m2\repository\org\skyscreamer\jsonassert\1.5.3\jsonassert-1.5.3.jar;C:\Users\MiguelCabezasPuerto\.m2\repository\com\vaadin\external\google\android-json\0.0.20131108.vaadin1\android-json-0.0.20131108.vaadin1.jar;C:\Users\MiguelCabezasPuerto\.m2\repository\org\springframework\spring-core\6.1.13\spring-core-6.1.13.jar;C:\Users\MiguelCabezasPuerto\.m2\repository\org\springframework\spring-jcl\6.1.13\spring-jcl-6.1.13.jar;C:\Users\MiguelCabezasPuerto\.m2\repository\org\springframework\spring-test\6.1.13\spring-test-6.1.13.jar;C:\Users\MiguelCabezasPuerto\.m2\repository\org\xmlunit\xmlunit-core\2.9.1\xmlunit-core-2.9.1.jar;C:\Users\MiguelCabezasPuerto\.m2\repository\io\projectreactor\reactor-test\3.6.10\reactor-test-3.6.10.jar;C:\Users\MiguelCabezasPuerto\.m2\repository\io\projectreactor\reactor-core\3.6.10\reactor-core-3.6.10.jar;C:\Users\MiguelCabezasPuerto\.m2\repository\org\springframework\boot\spring-boot-starter-data-couchbase\3.2.10\spring-boot-starter-data-couchbase-3.2.10.jar;C:\Users\MiguelCabezasPuerto\.m2\repository\org\springframework\data\spring-data-couchbase\5.2.10\spring-data-couchbase-5.2.10.jar;C:\Users\MiguelCabezasPuerto\.m2\repository\com\querydsl\querydsl-apt\5.0.0\querydsl-apt-5.0.0-jakarta.jar;C:\Users\MiguelCabezasPuerto\.m2\repository\com\querydsl\querydsl-codegen\5.0.0\querydsl-codegen-5.0.0.jar;C:\Users\MiguelCabezasPuerto\.m2\repository\com\querydsl\querydsl-core\5.0.0\querydsl-core-5.0.0.jar;C:\Users\MiguelCabezasPuerto\.m2\repository\com\mysema\commons\mysema-commons-lang\0.2.4\mysema-commons-lang-0.2.4.jar;C:\Users\MiguelCabezasPuerto\.m2\repository\com\querydsl\codegen-utils\5.0.0\codegen-utils-5.0.0.jar;C:\Users\MiguelCabezasPuerto\.m2\repository\org\eclipse\jdt\ecj\3.26.0\ecj-3.26.0.jar;C:\Users\MiguelCabezasPuerto\.m2\repository\io\github\classgraph\classgraph\4.8.108\classgraph-4.8.108.jar;C:\Users\MiguelCabezasPuerto\.m2\repository\org\springframework\spring-context-support\6.1.13\spring-context-support-6.1.13.jar;C:\Users\MiguelCabezasPuerto\.m2\repository\com\couchbase\client\java-client\3.4.11\java-client-3.4.11.jar;C:\Users\MiguelCabezasPuerto\.m2\repository\com\couchbase\client\core-io\2.4.11\core-io-2.4.11.jar;C:\Users\MiguelCabezasPuerto\.m2\repository\org\springframework\boot\spring-boot-starter-data-jpa\3.2.10\spring-boot-starter-data-jpa-3.2.10.jar;C:\Users\MiguelCabezasPuerto\.m2\repository\org\springframework\boot\spring-boot-starter-jdbc\3.2.10\spring-boot-starter-jdbc-3.2.10.jar;C:\Users\MiguelCabezasPuerto\.m2\repository\com\zaxxer\HikariCP\5.0.1\HikariCP-5.0.1.jar;C:\Users\MiguelCabezasPuerto\.m2\repository\org\hibernate\orm\hibernate-core\6.4.10.Final\hibernate-core-6.4.10.Final.jar;C:\Users\MiguelCabezasPuerto\.m2\repository\jakarta\persistence\jakarta.persistence-api\3.1.0\jakarta.persistence-api-3.1.0.jar;C:\Users\MiguelCabezasPuerto\.m2\repository\jakarta\transaction\jakarta.transaction-api\2.0.1\jakarta.transaction-api-2.0.1.jar;C:\Users\MiguelCabezasPuerto\.m2\repository\org\hibernate\common\hibernate-commons-annotations\6.0.6.Final\hibernate-commons-annotations-6.0.6.Final.jar;C:\Users\MiguelCabezasPuerto\.m2\repository\io\smallrye\jandex\3.1.2\jandex-3.1.2.jar;C:\Users\MiguelCabezasPuerto\.m2\repository\jakarta\inject\jakarta.inject-api\2.0.1\jakarta.inject-api-2.0.1.jar;C:\Users\MiguelCabezasPuerto\.m2\repository\org\antlr\antlr4-runtime\4.13.0\antlr4-runtime-4.13.0.jar;C:\Users\MiguelCabezasPuerto\.m2\repository\org\springframework\data\spring-data-jpa\3.2.10\spring-data-jpa-3.2.10.jar;C:\Users\MiguelCabezasPuerto\.m2\repository\org\springframework\spring-orm\6.1.13\spring-orm-6.1.13.jar;C:\Users\MiguelCabezasPuerto\.m2\repository\org\springframework\spring-aspects\6.1.13\spring-aspects-6.1.13.jar;C:\Users\MiguelCabezasPuerto\.m2\repository\com\github\ben-manes\caffeine\caffeine\3.1.8\caffeine-3.1.8.jar;C:\Users\MiguelCabezasPuerto\.m2\repository\org\checkerframework\checker-qual\3.37.0\checker-qual-3.37.0.jar;C:\Users\MiguelCabezasPuerto\.m2\repository\com\google\errorprone\error_prone_annotations\2.21.1\error_prone_annotations-2.21.1.jar;C:\Users\MiguelCabezasPuerto\.m2\repository\io\r2dbc\r2dbc-h2\1.0.0.RELEASE\r2dbc-h2-1.0.0.RELEASE.jar;C:\Users\MiguelCabezasPuerto\.m2\repository\org\springframework\boot\spring-boot-starter-data-couchbase-reactive\3.2.10\spring-boot-starter-data-couchbase-reactive-3.2.10.jar;C:\Users\MiguelCabezasPuerto\.m2\repository\org\springframework\boot\spring-boot-starter-data-mongodb-reactive\3.2.10\spring-boot-starter-data-mongodb-reactive-3.2.10.jar;C:\Users\MiguelCabezasPuerto\.m2\repository\org\mongodb\mongodb-driver-reactivestreams\4.11.4\mongodb-driver-reactivestreams-4.11.4.jar;C:\Users\MiguelCabezasPuerto\.m2\repository\org\mongodb\bson\4.11.4\bson-4.11.4.jar;C:\Users\MiguelCabezasPuerto\.m2\repository\org\mongodb\mongodb-driver-core\4.11.4\mongodb-driver-core-4.11.4.jar;C:\Users\MiguelCabezasPuerto\.m2\repository\org\mongodb\bson-record-codec\4.11.4\bson-record-codec-4.11.4.jar;C:\Users\MiguelCabezasPuerto\.m2\repository\org\springframework\data\spring-data-mongodb\4.2.10\spring-data-mongodb-4.2.10.jar;C:\Users\MiguelCabezasPuerto\.m2\repository\de\flapdoodle\embed\de.flapdoodle.embed.mongo\3.0.0\de.flapdoodle.embed.mongo-3.0.0.jar;C:\Users\MiguelCabezasPuerto\.m2\repository\de\flapdoodle\embed\de.flapdoodle.embed.process\3.0.1\de.flapdoodle.embed.process-3.0.1.jar;C:\Users\MiguelCabezasPuerto\.m2\repository\org\apache\commons\commons-lang3\3.13.0\commons-lang3-3.13.0.jar;C:\Users\MiguelCabezasPuerto\.m2\repository\org\apache\commons\commons-compress\1.20\commons-compress-1.20.jar;C:\Users\MiguelCabezasPuerto\.m2\repository\net\java\dev\jna\jna\5.6.0\jna-5.6.0.jar;C:\Users\MiguelCabezasPuerto\.m2\repository\net\java\dev\jna\jna-platform\5.6.0\jna-platform-5.6.0.jar;C:\Users\MiguelCabezasPuerto\.m2\repository\javax\xml\bind\jaxb-api\2.3.1\jaxb-api-2.3.1.jar;C:\Users\MiguelCabezasPuerto\.m2\repository\javax\activation\javax.activation-api\1.2.0\javax.activation-api-1.2.0.jar;C:\Users\MiguelCabezasPuerto\.m2\repository\org\glassfish\jaxb\jaxb-runtime\2.3.1\jaxb-runtime-2.3.1.jar;C:\Users\MiguelCabezasPuerto\.m2\repository\org\glassfish\jaxb\txw2\4.0.5\txw2-4.0.5.jar;C:\Users\MiguelCabezasPuerto\.m2\repository\com\sun\istack\istack-commons-runtime\4.1.2\istack-commons-runtime-4.1.2.jar;C:\Users\MiguelCabezasPuerto\.m2\repository\org\jvnet\staxex\stax-ex\2.1.0\stax-ex-2.1.0.jar;C:\Users\MiguelCabezasPuerto\.m2\repository\com\sun\xml\fastinfoset\FastInfoset\2.1.1\FastInfoset-2.1.1.jar;C:\Users\MiguelCabezasPuerto\.m2\repository\org\springframework\cloud\spring-cloud-commons\4.1.0\spring-cloud-commons-4.1.0.jar;C:\Users\MiguelCabezasPuerto\.m2\repository\org\springframework\security\spring-security-crypto\6.2.6\spring-security-crypto-6.2.6.jar;C:\Users\MiguelCabezasPuerto\.m2\repository\org\springframework\boot\spring-boot-starter\3.2.10\spring-boot-starter-3.2.10.jar;C:\Users\MiguelCabezasPuerto\.m2\repository\org\springframework\boot\spring-boot\3.2.10\spring-boot-3.2.10.jar;C:\Users\MiguelCabezasPuerto\.m2\repository\org\springframework\boot\spring-boot-autoconfigure\3.2.10\spring-boot-autoconfigure-3.2.10.jar;C:\Users\MiguelCabezasPuerto\.m2\repository\jakarta\annotation\jakarta.annotation-api\2.1.1\jakarta.annotation-api-2.1.1.jar;C:\Users\MiguelCabezasPuerto\.m2\repository\org\yaml\snakeyaml\2.2\snakeyaml-2.2.jar;C:\Users\MiguelCabezasPuerto\.m2\repository\io\projectreactor\addons\reactor-adapter\3.5.2\reactor-adapter-3.5.2.jar;C:\Users\MiguelCabezasPuerto\.m2\repository\org\springframework\boot\spring-boot-starter-webflux\3.2.10\spring-boot-starter-webflux-3.2.10.jar;C:\Users\MiguelCabezasPuerto\.m2\repository\org\springframework\boot\spring-boot-starter-reactor-netty\3.2.10\spring-boot-starter-reactor-netty-3.2.10.jar;C:\Users\MiguelCabezasPuerto\.m2\repository\io\projectreactor\netty\reactor-netty-http\1.1.22\reactor-netty-http-1.1.22.jar;C:\Users\MiguelCabezasPuerto\.m2\repository\io\netty\netty-codec-http\4.1.113.Final\netty-codec-http-4.1.113.Final.jar;C:\Users\MiguelCabezasPuerto\.m2\repository\io\netty\netty-common\4.1.113.Final\netty-common-4.1.113.Final.jar;C:\Users\MiguelCabezasPuerto\.m2\repository\io\netty\netty-buffer\4.1.113.Final\netty-buffer-4.1.113.Final.jar;C:\Users\MiguelCabezasPuerto\.m2\repository\io\netty\netty-transport\4.1.113.Final\netty-transport-4.1.113.Final.jar;C:\Users\MiguelCabezasPuerto\.m2\repository\io\netty\netty-codec\4.1.113.Final\netty-codec-4.1.113.Final.jar;C:\Users\MiguelCabezasPuerto\.m2\repository\io\netty\netty-handler\4.1.113.Final\netty-handler-4.1.113.Final.jar;C:\Users\MiguelCabezasPuerto\.m2\repository\io\netty\netty-codec-http2\4.1.113.Final\netty-codec-http2-4.1.113.Final.jar;C:\Users\MiguelCabezasPuerto\.m2\repository\io\netty\netty-resolver-dns\4.1.113.Final\netty-resolver-dns-4.1.113.Final.jar;C:\Users\MiguelCabezasPuerto\.m2\repository\io\netty\netty-resolver\4.1.113.Final\netty-resolver-4.1.113.Final.jar;C:\Users\MiguelCabezasPuerto\.m2\repository\io\netty\netty-codec-dns\4.1.113.Final\netty-codec-dns-4.1.113.Final.jar;C:\Users\MiguelCabezasPuerto\.m2\repository\io\netty\netty-resolver-dns-native-macos\4.1.113.Final\netty-resolver-dns-native-macos-4.1.113.Final-osx-x86_64.jar;C:\Users\MiguelCabezasPuerto\.m2\repository\io\netty\netty-resolver-dns-classes-macos\4.1.113.Final\netty-resolver-dns-classes-macos-4.1.113.Final.jar;C:\Users\MiguelCabezasPuerto\.m2\repository\io\netty\netty-transport-native-epoll\4.1.113.Final\netty-transport-native-epoll-4.1.113.Final-linux-x86_64.jar;C:\Users\MiguelCabezasPuerto\.m2\repository\io\netty\netty-transport-native-unix-common\4.1.113.Final\netty-transport-native-unix-common-4.1.113.Final.jar;C:\Users\MiguelCabezasPuerto\.m2\repository\io\netty\netty-transport-classes-epoll\4.1.113.Final\netty-transport-classes-epoll-4.1.113.Final.jar;C:\Users\MiguelCabezasPuerto\.m2\repository\io\projectreactor\netty\reactor-netty-core\1.1.22\reactor-netty-core-1.1.22.jar;C:\Users\MiguelCabezasPuerto\.m2\repository\io\netty\netty-handler-proxy\4.1.113.Final\netty-handler-proxy-4.1.113.Final.jar;C:\Users\MiguelCabezasPuerto\.m2\repository\io\netty\netty-codec-socks\4.1.113.Final\netty-codec-socks-4.1.113.Final.jar;C:\Users\MiguelCabezasPuerto\.m2\repository\org\springframework\spring-webflux\6.1.13\spring-webflux-6.1.13.jar;C:\Users\MiguelCabezasPuerto\.m2\repository\io\github\resilience4j\resilience4j-spring-boot2\1.7.0\resilience4j-spring-boot2-1.7.0.jar;C:\Users\MiguelCabezasPuerto\.m2\repository\io\vavr\vavr\0.10.2\vavr-0.10.2.jar;C:\Users\MiguelCabezasPuerto\.m2\repository\io\vavr\vavr-match\0.10.2\vavr-match-0.10.2.jar;C:\Users\MiguelCabezasPuerto\.m2\repository\org\slf4j\slf4j-api\2.0.16\slf4j-api-2.0.16.jar;C:\Users\MiguelCabezasPuerto\.m2\repository\io\github\resilience4j\resilience4j-spring\1.7.0\resilience4j-spring-1.7.0.jar;C:\Users\MiguelCabezasPuerto\.m2\repository\io\github\resilience4j\resilience4j-annotations\1.7.0\resilience4j-annotations-1.7.0.jar;C:\Users\MiguelCabezasPuerto\.m2\repository\io\github\resilience4j\resilience4j-consumer\1.7.0\resilience4j-consumer-1.7.0.jar;C:\Users\MiguelCabezasPuerto\.m2\repository\io\github\resilience4j\resilience4j-core\1.7.0\resilience4j-core-1.7.0.jar;C:\Users\MiguelCabezasPuerto\.m2\repository\io\github\resilience4j\resilience4j-circularbuffer\1.7.0\resilience4j-circularbuffer-1.7.0.jar;C:\Users\MiguelCabezasPuerto\.m2\repository\io\github\resilience4j\resilience4j-framework-common\1.7.0\resilience4j-framework-common-1.7.0.jar;C:\Users\MiguelCabezasPuerto\.m2\repository\io\github\resilience4j\resilience4j-circuitbreaker\1.7.0\resilience4j-circuitbreaker-1.7.0.jar;C:\Users\MiguelCabezasPuerto\.m2\repository\io\github\resilience4j\resilience4j-ratelimiter\1.7.0\resilience4j-ratelimiter-1.7.0.jar;C:\Users\MiguelCabezasPuerto\.m2\repository\io\github\resilience4j\resilience4j-retry\1.7.0\resilience4j-retry-1.7.0.jar;C:\Users\MiguelCabezasPuerto\.m2\repository\io\github\resilience4j\resilience4j-bulkhead\1.7.0\resilience4j-bulkhead-1.7.0.jar;C:\Users\MiguelCabezasPuerto\.m2\repository\io\github\resilience4j\resilience4j-timelimiter\1.7.0\resilience4j-timelimiter-1.7.0.jar;C:\Users\MiguelCabezasPuerto\.m2\repository\io\github\resilience4j\resilience4j-micrometer\1.7.0\resilience4j-micrometer-1.7.0.jar;C:\Users\MiguelCabezasPuerto\.m2\repository\org\springframework\boot\spring-boot-starter-aop\3.2.10\spring-boot-starter-aop-3.2.10.jar;C:\Users\MiguelCabezasPuerto\.m2\repository\org\springframework\spring-aop\6.1.13\spring-aop-6.1.13.jar;C:\Users\MiguelCabezasPuerto\.m2\repository\org\aspectj\aspectjweaver\1.9.22.1\aspectjweaver-1.9.22.1.jar;C:\Users\MiguelCabezasPuerto\.m2\repository\org\springframework\boot\spring-boot-starter-actuator\3.2.10\spring-boot-starter-actuator-3.2.10.jar;C:\Users\MiguelCabezasPuerto\.m2\repository\org\springframework\boot\spring-boot-actuator-autoconfigure\3.2.10\spring-boot-actuator-autoconfigure-3.2.10.jar;C:\Users\MiguelCabezasPuerto\.m2\repository\org\springframework\boot\spring-boot-actuator\3.2.10\spring-boot-actuator-3.2.10.jar;C:\Users\MiguelCabezasPuerto\.m2\repository\io\micrometer\micrometer-observation\1.12.10\micrometer-observation-1.12.10.jar;C:\Users\MiguelCabezasPuerto\.m2\repository\io\micrometer\micrometer-commons\1.12.10\micrometer-commons-1.12.10.jar;C:\Users\MiguelCabezasPuerto\.m2\repository\io\micrometer\micrometer-jakarta9\1.12.10\micrometer-jakarta9-1.12.10.jar;C:\Users\MiguelCabezasPuerto\.m2\repository\io\micrometer\micrometer-core\1.12.10\micrometer-core-1.12.10.jar;C:\Users\MiguelCabezasPuerto\.m2\repository\org\hdrhistogram\HdrHistogram\2.1.12\HdrHistogram-2.1.12.jar;C:\Users\MiguelCabezasPuerto\.m2\repository\org\latencyutils\LatencyUtils\2.0.3\LatencyUtils-2.0.3.jar;C:\Users\MiguelCabezasPuerto\.m2\repository\org\openapitools\jackson-databind-nullable\0.2.0\jackson-databind-nullable-0.2.0.jar;C:\Users\MiguelCabezasPuerto\.m2\repository\com\fasterxml\jackson\core\jackson-databind\2.15.4\jackson-databind-2.15.4.jar;C:\Users\MiguelCabezasPuerto\.m2\repository\com\fasterxml\jackson\core\jackson-annotations\2.15.4\jackson-annotations-2.15.4.jar;C:\Users\MiguelCabezasPuerto\.m2\repository\com\fasterxml\jackson\core\jackson-core\2.15.4\jackson-core-2.15.4.jar;C:\Users\MiguelCabezasPuerto\.m2\repository\io\swagger\core\v3\swagger-annotations\2.2.20\swagger-annotations-2.2.20.jar;C:\Users\MiguelCabezasPuerto\.m2\repository\jakarta\validation\jakarta.validation-api\3.0.2\jakarta.validation-api-3.0.2.jar;C:\Users\MiguelCabezasPuerto\.m2\repository\org\hibernate\validator\hibernate-validator\8.0.1.Final\hibernate-validator-8.0.1.Final.jar;C:\Users\MiguelCabezasPuerto\.m2\repository\org\jboss\logging\jboss-logging\3.5.3.Final\jboss-logging-3.5.3.Final.jar;C:\Users\MiguelCabezasPuerto\.m2\repository\com\fasterxml\classmate\1.6.0\classmate-1.6.0.jar;C:\Users\MiguelCabezasPuerto\.m2\repository\javax\annotation\javax.annotation-api\1.3.2\javax.annotation-api-1.3.2.jar;C:\Users\MiguelCabezasPuerto\.m2\repository\org\glassfish\jakarta.json\2.0.1\jakarta.json-2.0.1.jar;C:\Users\MiguelCabezasPuerto\.m2\repository\org\mockito\mockito-core\5.7.0\mockito-core-5.7.0.jar;C:\Users\MiguelCabezasPuerto\.m2\repository\net\bytebuddy\byte-buddy\1.14.19\byte-buddy-1.14.19.jar;C:\Users\MiguelCabezasPuerto\.m2\repository\net\bytebuddy\byte-buddy-agent\1.14.19\byte-buddy-agent-1.14.19.jar;C:\Users\MiguelCabezasPuerto\.m2\repository\org\objenesis\objenesis\3.3\objenesis-3.3.jar;C:\Users\MiguelCabezasPuerto\.m2\repository\junit\junit\4.13.2\junit-4.13.2.jar;C:\Users\MiguelCabezasPuerto\.m2\repository\org\hamcrest\hamcrest-core\2.2\hamcrest-core-2.2.jar;C:\Users\MiguelCabezasPuerto\.m2\repository\io\rest-assured\rest-assured\4.4.0\rest-assured-4.4.0.jar;C:\Users\MiguelCabezasPuerto\.m2\repository\org\codehaus\groovy\groovy\3.0.8\groovy-3.0.8.jar;C:\Users\MiguelCabezasPuerto\.m2\repository\org\codehaus\groovy\groovy-xml\3.0.8\groovy-xml-3.0.8.jar;C:\Users\MiguelCabezasPuerto\.m2\repository\org\apache\httpcomponents\httpclient\4.5.13\httpclient-4.5.13.jar;C:\Users\MiguelCabezasPuerto\.m2\repository\org\apache\httpcomponents\httpcore\4.4.16\httpcore-4.4.16.jar;C:\Users\MiguelCabezasPuerto\.m2\repository\commons-logging\commons-logging\1.2\commons-logging-1.2.jar;C:\Users\MiguelCabezasPuerto\.m2\repository\commons-codec\commons-codec\1.16.1\commons-codec-1.16.1.jar;C:\Users\MiguelCabezasPuerto\.m2\repository\org\apache\httpcomponents\httpmime\4.5.13\httpmime-4.5.13.jar;C:\Users\MiguelCabezasPuerto\.m2\repository\org\ccil\cowan\tagsoup\tagsoup\1.2.1\tagsoup-1.2.1.jar;C:\Users\MiguelCabezasPuerto\.m2\repository\io\rest-assured\json-path\5.3.2\json-path-5.3.2.jar;C:\Users\MiguelCabezasPuerto\.m2\repository\org\apache\groovy\groovy-json\4.0.23\groovy-json-4.0.23.jar;C:\Users\MiguelCabezasPuerto\.m2\repository\org\apache\groovy\groovy\4.0.23\groovy-4.0.23.jar;C:\Users\MiguelCabezasPuerto\.m2\repository\io\rest-assured\rest-assured-common\5.3.2\rest-assured-common-5.3.2.jar;C:\Users\MiguelCabezasPuerto\.m2\repository\io\rest-assured\xml-path\5.3.2\xml-path-5.3.2.jar;C:\Users\MiguelCabezasPuerto\.m2\repository\org\apache\groovy\groovy-xml\4.0.23\groovy-xml-4.0.23.jar;C:\Users\MiguelCabezasPuerto\.m2\repository\io\cucumber\cucumber-java\7.0.0\cucumber-java-7.0.0.jar;C:\Users\MiguelCabezasPuerto\.m2\repository\io\cucumber\cucumber-core\7.0.0\cucumber-core-7.0.0.jar;C:\Users\MiguelCabezasPuerto\.m2\repository\io\cucumber\cucumber-gherkin\7.0.0\cucumber-gherkin-7.0.0.jar;C:\Users\MiguelCabezasPuerto\.m2\repository\io\cucumber\cucumber-gherkin-messages\7.0.0\cucumber-gherkin-messages-7.0.0.jar;C:\Users\MiguelCabezasPuerto\.m2\repository\io\cucumber\messages\17.1.1\messages-17.1.1.jar;C:\Users\MiguelCabezasPuerto\.m2\repository\io\cucumber\tag-expressions\4.0.2\tag-expressions-4.0.2.jar;C:\Users\MiguelCabezasPuerto\.m2\repository\io\cucumber\cucumber-expressions\13.0.1\cucumber-expressions-13.0.1.jar;C:\Users\MiguelCabezasPuerto\.m2\repository\io\cucumber\datatable\7.0.0\datatable-7.0.0.jar;C:\Users\MiguelCabezasPuerto\.m2\repository\io\cucumber\cucumber-plugin\7.0.0\cucumber-plugin-7.0.0.jar;C:\Users\MiguelCabezasPuerto\.m2\repository\io\cucumber\docstring\7.0.0\docstring-7.0.0.jar;C:\Users\MiguelCabezasPuerto\.m2\repository\io\cucumber\html-formatter\17.0.0\html-formatter-17.0.0.jar;C:\Users\MiguelCabezasPuerto\.m2\repository\io\cucumber\create-meta\6.0.1\create-meta-6.0.1.jar;C:\Users\MiguelCabezasPuerto\.m2\repository\org\apiguardian\apiguardian-api\1.1.2\apiguardian-api-1.1.2.jar;C:\Users\MiguelCabezasPuerto\.m2\repository\io\cucumber\cucumber-junit\7.0.0\cucumber-junit-7.0.0.jar;C:\Users\MiguelCabezasPuerto\.m2\repository\org\junit\platform\junit-platform-suite-api\1.8.2\junit-platform-suite-api-1.8.2.jar;C:\Users\MiguelCabezasPuerto\.m2\repository\org\junit\platform\junit-platform-commons\1.10.3\junit-platform-commons-1.10.3.jar;C:\Users\MiguelCabezasPuerto\.m2\repository\org\junit\platform\junit-platform-suite-engine\1.8.2\junit-platform-suite-engine-1.8.2.jar;C:\Users\MiguelCabezasPuerto\.m2\repository\org\junit\platform\junit-platform-engine\1.10.3\junit-platform-engine-1.10.3.jar;C:\Users\MiguelCabezasPuerto\.m2\repository\org\opentest4j\opentest4j\1.3.0\opentest4j-1.3.0.jar;C:\Users\MiguelCabezasPuerto\.m2\repository\org\junit\platform\junit-platform-suite-commons\1.10.3\junit-platform-suite-commons-1.10.3.jar;C:\Users\MiguelCabezasPuerto\.m2\repository\org\junit\platform\junit-platform-launcher\1.10.3\junit-platform-launcher-1.10.3.jar;C:\Users\MiguelCabezasPuerto\.m2\repository\io\cucumber\cucumber-junit-platform-engine\7.0.0\cucumber-junit-platform-engine-7.0.0.jar;C:\Users\MiguelCabezasPuerto\.m2\repository\org\seleniumhq\selenium\selenium-java\4.0.0\selenium-java-4.0.0.jar;C:\Users\MiguelCabezasPuerto\.m2\repository\org\seleniumhq\selenium\selenium-api\4.14.1\selenium-api-4.14.1.jar;C:\Users\MiguelCabezasPuerto\.m2\repository\org\seleniumhq\selenium\selenium-chrome-driver\4.14.1\selenium-chrome-driver-4.14.1.jar;C:\Users\MiguelCabezasPuerto\.m2\repository\com\google\auto\service\auto-service-annotations\1.1.1\auto-service-annotations-1.1.1.jar;C:\Users\MiguelCabezasPuerto\.m2\repository\com\google\guava\guava\32.1.2-jre\guava-32.1.2-jre.jar;C:\Users\MiguelCabezasPuerto\.m2\repository\com\google\guava\failureaccess\1.0.1\failureaccess-1.0.1.jar;C:\Users\MiguelCabezasPuerto\.m2\repository\com\google\guava\listenablefuture\9999.0-empty-to-avoid-conflict-with-guava\listenablefuture-9999.0-empty-to-avoid-conflict-with-guava.jar;C:\Users\MiguelCabezasPuerto\.m2\repository\com\google\code\findbugs\jsr305\3.0.2\jsr305-3.0.2.jar;C:\Users\MiguelCabezasPuerto\.m2\repository\com\google\j2objc\j2objc-annotations\2.8\j2objc-annotations-2.8.jar;C:\Users\MiguelCabezasPuerto\.m2\repository\org\seleniumhq\selenium\selenium-chromium-driver\4.14.1\selenium-chromium-driver-4.14.1.jar;C:\Users\MiguelCabezasPuerto\.m2\repository\org\seleniumhq\selenium\selenium-json\4.14.1\selenium-json-4.14.1.jar;C:\Users\MiguelCabezasPuerto\.m2\repository\org\seleniumhq\selenium\selenium-manager\4.14.1\selenium-manager-4.14.1.jar;C:\Users\MiguelCabezasPuerto\.m2\repository\org\seleniumhq\selenium\selenium-devtools-v85\4.14.1\selenium-devtools-v85-4.14.1.jar;C:\Users\MiguelCabezasPuerto\.m2\repository\org\seleniumhq\selenium\selenium-devtools-v93\4.0.0\selenium-devtools-v93-4.0.0.jar;C:\Users\MiguelCabezasPuerto\.m2\repository\com\google\auto\service\auto-service\1.0\auto-service-1.0.jar;C:\Users\MiguelCabezasPuerto\.m2\repository\com\google\auto\auto-common\1.0\auto-common-1.0.jar;C:\Users\MiguelCabezasPuerto\.m2\repository\org\seleniumhq\selenium\selenium-devtools-v94\4.0.0\selenium-devtools-v94-4.0.0.jar;C:\Users\MiguelCabezasPuerto\.m2\repository\org\seleniumhq\selenium\selenium-devtools-v95\4.0.0\selenium-devtools-v95-4.0.0.jar;C:\Users\MiguelCabezasPuerto\.m2\repository\org\seleniumhq\selenium\selenium-edge-driver\4.14.1\selenium-edge-driver-4.14.1.jar;C:\Users\MiguelCabezasPuerto\.m2\repository\org\seleniumhq\selenium\selenium-firefox-driver\4.14.1\selenium-firefox-driver-4.14.1.jar;C:\Users\MiguelCabezasPuerto\.m2\repository\org\seleniumhq\selenium\selenium-http\4.14.1\selenium-http-4.14.1.jar;C:\Users\MiguelCabezasPuerto\.m2\repository\dev\failsafe\failsafe\3.3.2\failsafe-3.3.2.jar;C:\Users\MiguelCabezasPuerto\.m2\repository\org\seleniumhq\selenium\selenium-firefox-xpi-driver\4.0.0\selenium-firefox-xpi-driver-4.0.0.jar;C:\Users\MiguelCabezasPuerto\.m2\repository\org\seleniumhq\selenium\selenium-ie-driver\4.14.1\selenium-ie-driver-4.14.1.jar;C:\Users\MiguelCabezasPuerto\.m2\repository\org\seleniumhq\selenium\selenium-opera-driver\4.0.0\selenium-opera-driver-4.0.0.jar;C:\Users\MiguelCabezasPuerto\.m2\repository\org\seleniumhq\selenium\selenium-remote-driver\4.14.1\selenium-remote-driver-4.14.1.jar;C:\Users\MiguelCabezasPuerto\.m2\repository\io\opentelemetry\opentelemetry-api\1.31.0\opentelemetry-api-1.31.0.jar;C:\Users\MiguelCabezasPuerto\.m2\repository\io\opentelemetry\opentelemetry-context\1.31.0\opentelemetry-context-1.31.0.jar;C:\Users\MiguelCabezasPuerto\.m2\repository\io\opentelemetry\opentelemetry-exporter-logging\1.31.0\opentelemetry-exporter-logging-1.31.0.jar;C:\Users\MiguelCabezasPuerto\.m2\repository\io\opentelemetry\opentelemetry-sdk-common\1.31.0\opentelemetry-sdk-common-1.31.0.jar;C:\Users\MiguelCabezasPuerto\.m2\repository\io\opentelemetry\opentelemetry-sdk-extension-autoconfigure-spi\1.31.0\opentelemetry-sdk-extension-autoconfigure-spi-1.31.0.jar;C:\Users\MiguelCabezasPuerto\.m2\repository\io\opentelemetry\opentelemetry-sdk-extension-autoconfigure\1.31.0\opentelemetry-sdk-extension-autoconfigure-1.31.0.jar;C:\Users\MiguelCabezasPuerto\.m2\repository\io\opentelemetry\opentelemetry-api-events\1.31.0-alpha\opentelemetry-api-events-1.31.0-alpha.jar;C:\Users\MiguelCabezasPuerto\.m2\repository\io\opentelemetry\opentelemetry-sdk-trace\1.31.0\opentelemetry-sdk-trace-1.31.0.jar;C:\Users\MiguelCabezasPuerto\.m2\repository\io\opentelemetry\opentelemetry-sdk\1.31.0\opentelemetry-sdk-1.31.0.jar;C:\Users\MiguelCabezasPuerto\.m2\repository\io\opentelemetry\opentelemetry-sdk-metrics\1.31.0\opentelemetry-sdk-metrics-1.31.0.jar;C:\Users\MiguelCabezasPuerto\.m2\repository\io\opentelemetry\opentelemetry-extension-incubator\1.31.0-alpha\opentelemetry-extension-incubator-1.31.0-alpha.jar;C:\Users\MiguelCabezasPuerto\.m2\repository\io\opentelemetry\opentelemetry-sdk-logs\1.31.0\opentelemetry-sdk-logs-1.31.0.jar;C:\Users\MiguelCabezasPuerto\.m2\repository\io\opentelemetry\opentelemetry-semconv\1.28.0-alpha\opentelemetry-semconv-1.28.0-alpha.jar;C:\Users\MiguelCabezasPuerto\.m2\repository\org\seleniumhq\selenium\selenium-os\4.14.1\selenium-os-4.14.1.jar;C:\Users\MiguelCabezasPuerto\.m2\repository\org\apache\commons\commons-exec\1.3\commons-exec-1.3.jar;C:\Users\MiguelCabezasPuerto\.m2\repository\org\seleniumhq\selenium\selenium-safari-driver\4.14.1\selenium-safari-driver-4.14.1.jar;C:\Users\MiguelCabezasPuerto\.m2\repository\org\seleniumhq\selenium\selenium-support\4.14.1\selenium-support-4.14.1.jar;C:\Users\MiguelCabezasPuerto\.m2\repository\org\junit\jupiter\junit-jupiter\5.10.3\junit-jupiter-5.10.3.jar;C:\Users\MiguelCabezasPuerto\.m2\repository\org\junit\jupiter\junit-jupiter-api\5.10.3\junit-jupiter-api-5.10.3.jar;C:\Users\MiguelCabezasPuerto\.m2\repository\org\junit\jupiter\junit-jupiter-params\5.10.3\junit-jupiter-params-5.10.3.jar;C:\Users\MiguelCabezasPuerto\.m2\repository\org\junit\jupiter\junit-jupiter-engine\5.10.3\junit-jupiter-engine-5.10.3.jar;C:\Users\MiguelCabezasPuerto\.m2\repository\org\mockito\mockito-junit-jupiter\5.7.0\mockito-junit-jupiter-5.7.0.jar;C:\Users\MiguelCabezasPuerto\.m2\repository\com\squareup\okhttp3\mockwebserver\4.12.0\mockwebserver-4.12.0.jar;C:\Users\MiguelCabezasPuerto\.m2\repository\com\squareup\okhttp3\okhttp\4.12.0\okhttp-4.12.0.jar;C:\Users\MiguelCabezasPuerto\.m2\repository\com\squareup\okio\okio\3.6.0\okio-3.6.0.jar;C:\Users\MiguelCabezasPuerto\.m2\repository\com\squareup\okio\okio-jvm\3.6.0\okio-jvm-3.6.0.jar;C:\Users\MiguelCabezasPuerto\.m2\repository\org\jetbrains\kotlin\kotlin-stdlib-common\1.9.25\kotlin-stdlib-common-1.9.25.jar;C:\Users\MiguelCabezasPuerto\.m2\repository\org\jetbrains\kotlin\kotlin-stdlib-jdk8\1.9.25\kotlin-stdlib-jdk8-1.9.25.jar;C:\Users\MiguelCabezasPuerto\.m2\repository\org\jetbrains\kotlin\kotlin-stdlib\1.9.25\kotlin-stdlib-1.9.25.jar;C:\Users\MiguelCabezasPuerto\.m2\repository\org\jetbrains\annotations\13.0\annotations-13.0.jar;C:\Users\MiguelCabezasPuerto\.m2\repository\org\jetbrains\kotlin\kotlin-stdlib-jdk7\1.9.25\kotlin-stdlib-jdk7-1.9.25.jar;C:\Users\MiguelCabezasPuerto\.m2\repository\org\springframework\boot\spring-boot-starter-logging\3.2.10\spring-boot-starter-logging-3.2.10.jar;C:\Users\MiguelCabezasPuerto\.m2\repository\ch\qos\logback\logback-classic\1.4.14\logback-classic-1.4.14.jar;C:\Users\MiguelCabezasPuerto\.m2\repository\ch\qos\logback\logback-core\1.4.14\logback-core-1.4.14.jar;C:\Users\MiguelCabezasPuerto\.m2\repository\org\apache\logging\log4j\log4j-to-slf4j\2.21.1\log4j-to-slf4j-2.21.1.jar;C:\Users\MiguelCabezasPuerto\.m2\repository\org\apache\logging\log4j\log4j-api\2.21.1\log4j-api-2.21.1.jar;C:\Users\MiguelCabezasPuerto\.m2\repository\org\slf4j\jul-to-slf4j\2.0.16\jul-to-slf4j-2.0.16.jar;"/>
    <property name="sun.cpu.endian" value="little"/>
    <property name="user.home" value="C:\Users\MiguelCabezasPuerto"/>
    <property name="user.language" value="es"/>
    <property name="java.specification.vendor" value="Oracle Corporation"/>
    <property name="java.version.date" value="2024-01-16"/>
    <property name="java.home" value="C:\Program Files\Java\jdk-17"/>
    <property name="file.separator" value="\"/>
    <property name="basedir" value="C:\Users\MiguelCabezasPuerto\Downloads\fever-demo-miguelcabezas\fever-demo-miguelcabezas"/>
    <property name="java.vm.compressedOopsMode" value="Zero based"/>
    <property name="line.separator" value="&#10;"/>
    <property name="java.vm.specification.vendor" value="Oracle Corporation"/>
    <property name="java.specification.name" value="Java Platform API Specification"/>
    <property name="surefire.real.class.path" value="C:\Users\MiguelCabezasPuerto\AppData\Local\Temp\surefire8938585891859803756\surefirebooter-20250322125700740_3.jar"/>
    <property name="user.script" value=""/>
    <property name="sun.management.compiler" value="HotSpot 64-Bit Tiered Compilers"/>
    <property name="java.runtime.version" value="17.0.10+11-LTS-240"/>
    <property name="user.name" value="MiguelCabezasPuerto"/>
    <property name="path.separator" value=";"/>
    <property name="os.version" value="10.0"/>
    <property name="java.runtime.name" value="Java(TM) SE Runtime Environment"/>
    <property name="file.encoding" value="Cp1252"/>
    <property name="java.vm.name" value="Java HotSpot(TM) 64-Bit Server VM"/>
    <property name="localRepository" value="C:\Users\MiguelCabezasPuerto\.m2\repository"/>
    <property name="java.vendor.url.bug" value="https://bugreport.java.com/bugreport/"/>
    <property name="java.io.tmpdir" value="C:\Users\MIGUEL~1\AppData\Local\Temp\"/>
    <property name="java.version" value="17.0.10"/>
    <property name="user.dir" value="C:\Users\MiguelCabezasPuerto\Downloads\fever-demo-miguelcabezas\fever-demo-miguelcabezas"/>
    <property name="os.arch" value="amd64"/>
    <property name="java.vm.specification.name" value="Java Virtual Machine Specification"/>
    <property name="sun.os.patch.level" value=""/>
    <property name="native.encoding" value="Cp1252"/>
    <property name="java.library.path" value="C:\Program Files\Java\jdk-17\bin;C:\Windows\Sun\Java\bin;C:\Windows\system32;C:\Windows;C:\Program Files\Common Files\Oracle\Java\javapath;C:\Windows\system32;C:\Windows;C:\Windows\System32\Wbem;C:\Windows\System32\WindowsPowerShell\v1.0\;C:\Windows\System32\OpenSSH\;C:\Program Files (x86)\Pulse Secure\VC142.CRT\X64\;C:\Program Files (x86)\Pulse Secure\VC142.CRT\X86\;C:\Program Files (x86)\Common Files\Pulse Secure\TNC Client Plugin\;%JAVA_HOME%\bin;C:\Users\MiguelCabezasPuerto\Downloads\apache-maven-3.8.4\bin;C:\Program Files\Git\cmd;C:\Users\MiguelCabezasPuerto\Downloads\apache-maven-3.8.4\bin;C:\Program Files (x86)\Gpg4win\..\GnuPG\bin;C:\Program Files\nodejs\;C:\Users\MiguelCabezasPuerto\Documents\ALPHA\clr_detectsecrets-windows;C:\Program Files\Microsoft SQL Server\150\Tools\Binn\;C:\Program Files\Microsoft SQL Server\Client SDK\ODBC\170\Tools\Binn\;C:\Program Files\dotnet\;;C:\Program Files\Docker\Docker\resources\bin;C:\ProgramData\chocolatey\bin;C:\Users\MiguelCabezasPuerto\AppData\Local\Microsoft\WindowsApps;C:\Program Files\Java\jdk-17\bin;C:\Users\MiguelCabezasPuerto\Downloads\apache-maven-3.8.4\bin;C:\Users\MiguelCabezasPuerto\Downloads\apache-maven-3.8.4\bin;C:\Program Files\JetBrains\IntelliJ IDEA Community Edition 2024.1.3\bin;;C:\Users\MiguelCabezasPuerto\AppData\Roaming\npm;C:\Users\MiguelCabezasPuerto\Documents\ALPHA\clr_detectsecrets-windows;C:\Users\MiguelCabezasPuerto\.dotnet\tools;C:\Users\MiguelCabezasPuerto\AppData\Local\Programs\Microsoft VS Code\bin;C:\Program Files\JetBrains\IntelliJ IDEA 2024.1.3\bin;;;."/>
    <property name="java.vm.info" value="mixed mode, sharing"/>
    <property name="java.vendor" value="Oracle Corporation"/>
    <property name="java.vm.version" value="17.0.10+11-LTS-240"/>
    <property name="sun.io.unicode.encoding" value="UnicodeLittle"/>
    <property name="java.class.version" value="61.0"/>
  </properties>
  <testcase name="testConvertMonoEventListDTOOK" classname="com.fever.event.test.fever_demo_miguelcabezas.infraestructure.adapters.in.EventControllerTest" time="0.094"/>
  <testcase name="testSearchEvents_ValidInput" classname="com.fever.event.test.fever_demo_miguelcabezas.infraestructure.adapters.in.EventControllerTest" time="0.027"/>
  <testcase name="testSearchEvents_InvalidInput" classname="com.fever.event.test.fever_demo_miguelcabezas.infraestructure.adapters.in.EventControllerTest" time="0.005">
    <system-out><![CDATA[12:57:05.398 [main] WARN com.fever.event.test.fever_demo_miguelcabezas.infraestructure.adapters.in.EventController -- Invalid input startsAt: 2023-01-31 endsAt: 2023-01-01
]]></system-out>
  </testcase>
</testsuite>